{"date":"2024-02-25T15:51:47.392Z","level":"info","message":"Listar Usuário.","userId":1}
{"date":"2024-02-25T15:51:48.554Z","id":"41","level":"info","message":"Usuário visualizado.","userId":1}
{"date":"2024-02-25T15:51:51.054Z","id":"41","level":"info","message":"Usuário visualizado.","userId":1}
{"date":"2024-02-25T15:51:51.057Z","level":"info","message":"Listar Situação.","userId":1}
{"date":"2024-02-25T15:51:54.957Z","id":"41","level":"info","message":"Usuário visualizado.","userId":1}
{"date":"2024-02-25T15:52:44.426Z","level":"info","message":"Token válido.","userId":1}
{"date":"2024-02-25T15:52:50.103Z","level":"info","message":"Token válido.","userId":1}
{"date":"2024-02-25T15:54:40.383Z","level":"info","message":"Listar Usuário.","userId":1}
{"date":"2024-02-25T15:54:41.483Z","id":"41","level":"info","message":"Usuário visualizado.","userId":1}
{"date":"2024-02-25T15:54:43.468Z","level":"info","message":"Listar Usuário.","userId":1}
{"date":"2024-02-25T15:54:46.655Z","level":"info","message":"Listar Usuário.","userId":1}
{"date":"2024-02-25T15:55:02.776Z","level":"info","message":"Listar Usuário.","userId":1}
{"date":"2024-02-25T15:55:19.489Z","level":"info","message":"Listar Usuário.","userId":1}
{"date":"2024-02-25T15:57:40.324Z","id":"41","level":"info","message":"Usuário visualizado.","userId":1}
{"date":"2024-02-25T15:58:25.891Z","id":"41","level":"info","message":"Usuário visualizado.","userId":1}
{"date":"2024-02-25T15:58:28.464Z","id":"41","level":"info","message":"Usuário visualizado.","userId":1}
{"date":"2024-02-25T15:58:39.304Z","id":"41","level":"info","message":"Usuário visualizado.","userId":1}
{"date":"2024-02-25T15:59:02.350Z","level":"info","message":"Token válido.","userId":1}
{"date":"2024-02-25T16:01:34.860Z","id":"41","level":"info","message":"Usuário visualizado.","userId":1}
{"date":"2024-02-25T16:04:00.350Z","id":"41","level":"info","message":"Usuário visualizado.","userId":1}
{"date":"2024-02-25T16:04:02.382Z","id":"41","level":"info","message":"Usuário visualizado.","userId":1}
{"date":"2024-02-25T16:04:03.565Z","level":"info","message":"Listar Usuário.","userId":1}
{"date":"2024-02-25T16:04:41.252Z","id":"41","level":"info","message":"Usuário visualizado.","userId":1}
{"date":"2024-02-25T16:07:25.374Z","id":"41","level":"info","message":"Usuário visualizado.","userId":1}
{"date":"2024-02-25T16:08:36.021Z","id":"41","level":"info","message":"Usuário visualizado.","userId":1}
{"date":"2024-02-25T16:08:53.888Z","id":"41","level":"info","message":"Usuário visualizado.","userId":1}
{"date":"2024-02-25T16:09:28.006Z","id":"41","level":"info","message":"Usuário visualizado.","userId":1}
{"date":"2024-02-25T16:11:43.476Z","id":"41","level":"info","message":"Usuário visualizado.","userId":1}
{"date":"2024-02-25T16:12:25.691Z","id":"41","level":"info","message":"Usuário visualizado.","userId":1}
{"date":"2024-02-25T16:13:34.092Z","id":"41","level":"info","message":"Usuário visualizado.","userId":1}
{"date":"2024-02-25T16:18:15.290Z","id":"41","level":"info","message":"Usuário visualizado.","userId":1}
{"date":"2024-02-25T16:18:39.018Z","id":"41","level":"info","message":"Usuário visualizado.","userId":1}
{"date":"2024-02-25T16:18:41.397Z","level":"info","message":"Listar Usuário.","userId":1}
{"date":"2024-02-25T16:18:43.210Z","id":"41","level":"info","message":"Usuário visualizado.","userId":1}
{"date":"2024-02-25T16:18:45.790Z","id":"41","level":"info","message":"Usuário visualizado.","userId":1}
{"date":"2024-02-25T16:18:45.792Z","level":"info","message":"Listar Situação.","userId":1}
{"date":"2024-02-25T16:19:05.275Z","id":"41","level":"info","message":"Usuário visualizado.","userId":1}
{"date":"2024-02-25T16:19:05.276Z","level":"info","message":"Listar Situação.","userId":1}
{"date":"2024-02-25T16:19:06.277Z","id":"41","level":"info","message":"Usuário visualizado.","userId":1}
{"date":"2024-02-25T16:19:09.490Z","id":"41","level":"info","message":"Usuário visualizado.","userId":1}
{"date":"2024-02-25T16:19:09.491Z","level":"info","message":"Listar Situação.","userId":1}
{"date":"2024-02-25T16:19:11.081Z","id":"41","level":"info","message":"Usuário visualizado.","userId":1}
{"date":"2024-02-25T16:19:12.110Z","id":"41","level":"info","message":"Usuário visualizado.","userId":1}
{"date":"2024-02-25T16:19:12.110Z","level":"info","message":"Listar Situação.","userId":1}
{"date":"2024-02-25T16:19:12.978Z","id":"41","level":"info","message":"Usuário visualizado.","userId":1}
{"date":"2024-02-25T16:19:14.726Z","level":"info","message":"Listar Usuário.","userId":1}
{"date":"2024-02-25T16:19:18.862Z","level":"info","message":"Listar Usuário.","userId":1}
{"date":"2024-02-25T16:19:19.995Z","id":"41","level":"info","message":"Usuário visualizado.","userId":1}
{"date":"2024-02-25T16:23:32.608Z","level":"info","message":"Token válido.","userId":1}
{"date":"2024-02-25T16:24:52.826Z","level":"info","message":"Listar Usuário.","userId":1}
{"date":"2024-02-25T16:24:53.745Z","id":"40","level":"info","message":"Usuário visualizado.","userId":1}
{"date":"2024-02-25T16:25:37.799Z","id":"40","level":"info","message":"Usuário visualizado.","userId":1}
{"date":"2024-02-25T16:25:39.855Z","id":"40","level":"info","message":"Usuário visualizado.","userId":1}
{"date":"2024-02-25T16:25:39.857Z","level":"info","message":"Listar Situação.","userId":1}
{"date":"2024-02-25T16:25:41.511Z","id":"40","level":"info","message":"Usuário visualizado.","userId":1}
{"date":"2024-02-25T16:25:52.701Z","id":"40","level":"info","message":"Usuário visualizado.","userId":1}
{"date":"2024-02-25T16:25:54.357Z","id":"40","level":"info","message":"Usuário visualizado.","userId":1}
{"date":"2024-02-25T16:25:54.357Z","level":"info","message":"Listar Situação.","userId":1}
{"date":"2024-02-25T16:26:08.922Z","id":"40","level":"info","message":"Usuário visualizado.","userId":1}
{"date":"2024-02-25T16:26:08.923Z","level":"info","message":"Listar Situação.","userId":1}
{"date":"2024-02-25T16:26:27.381Z","id":"40","level":"info","message":"Usuário visualizado.","userId":1}
{"date":"2024-02-25T16:26:27.382Z","level":"info","message":"Listar Situação.","userId":1}
{"date":"2024-02-25T16:26:34.478Z","id":"40","level":"info","message":"Usuário visualizado.","userId":1}
{"date":"2024-02-25T16:27:20.685Z","level":"info","message":"Token válido.","userId":1}
{"date":"2024-02-25T16:28:03.405Z","level":"info","message":"Listar Usuário.","userId":1}
{"date":"2024-02-25T16:28:04.359Z","id":"41","level":"info","message":"Usuário visualizado.","userId":1}
{"date":"2024-02-25T16:28:17.787Z","level":"info","message":"Token válido.","userId":1}
{"date":"2024-02-25T16:28:19.245Z","level":"info","message":"Listar Usuário.","userId":1}
{"date":"2024-02-25T16:28:20.086Z","id":"41","level":"info","message":"Usuário visualizado.","userId":1}
{"date":"2024-02-25T16:29:07.185Z","id":"41","level":"info","message":"Usuário visualizado.","userId":1}
{"date":"2024-02-25T16:32:27.566Z","id":"41","level":"info","message":"Usuário visualizado.","userId":1}
{"date":"2024-02-25T16:32:35.382Z","id":"41","level":"info","message":"Usuário visualizado.","userId":1}
{"date":"2024-02-25T16:35:34.922Z","level":"info","message":"Listar Usuário.","userId":1}
{"date":"2024-02-25T16:35:36.762Z","id":"41","level":"info","message":"Usuário visualizado.","userId":1}
{"date":"2024-02-25T16:35:46.073Z","id":"41","level":"info","message":"Usuário visualizado.","userId":1}
{"date":"2024-02-25T16:36:15.210Z","id":"41","level":"info","message":"Usuário visualizado.","userId":1}
{"date":"2024-02-25T16:36:26.809Z","id":"41","level":"info","message":"Usuário visualizado.","userId":1}
{"date":"2024-02-25T16:50:21.727Z","level":"info","message":"Token válido.","userId":1}
{"date":"2024-02-25T16:50:23.099Z","level":"info","message":"Listar Usuário.","userId":1}
{"date":"2024-02-25T16:50:23.879Z","id":"41","level":"info","message":"Usuário visualizado.","userId":1}
{"date":"2024-02-25T16:50:32.005Z","id":"41","level":"info","message":"Usuário visualizado.","userId":1}
{"date":"2024-02-25T16:54:33.266Z","level":"info","message":"Listar Usuário.","userId":1}
{"date":"2024-02-25T16:54:34.627Z","level":"info","message":"Listar Usuário.","userId":1}
{"date":"2024-02-25T16:54:35.248Z","id":"40","level":"info","message":"Usuário visualizado.","userId":1}
{"date":"2024-02-25T16:55:52.097Z","level":"info","message":"Listar Usuário.","userId":1}
{"date":"2024-02-25T16:55:53.630Z","level":"info","message":"Listar Usuário.","userId":1}
{"date":"2024-02-25T16:55:54.098Z","id":"32","level":"info","message":"Usuário visualizado.","userId":1}
{"date":"2024-02-25T17:04:53.614Z","level":"info","message":"Token válido.","userId":1}
{"date":"2024-02-25T17:10:28.446Z","level":"info","message":"Listar Usuário.","userId":1}
{"date":"2024-02-25T17:10:29.827Z","id":"40","level":"info","message":"Usuário visualizado.","userId":1}
{"date":"2024-02-25T17:14:45.482Z","id":"40","level":"info","message":"Usuário visualizado.","userId":1}
{"date":"2024-02-25T17:15:46.374Z","level":"info","message":"Token válido.","userId":1}
{"date":"2024-02-25T17:15:50.377Z","level":"info","message":"Listar Usuário.","userId":1}
{"date":"2024-02-25T17:15:51.355Z","id":"41","level":"info","message":"Usuário visualizado.","userId":1}
{"date":"2024-02-25T17:15:52.509Z","id":"41","level":"info","message":"Usuário visualizado.","userId":1}
{"date":"2024-02-25T17:16:26.340Z","id":"41","level":"info","message":"Usuário visualizado.","userId":1}
{"date":"2024-02-25T17:16:38.501Z","id":"41","level":"info","message":"Usuário visualizado.","userId":1}
{"date":"2024-02-25T17:19:36.919Z","id":"41","level":"info","message":"Usuário visualizado.","userId":1}
{"date":"2024-02-25T22:48:11.682Z","level":"info","message":"Token válido.","userId":1}
{"date":"2024-02-25T22:48:13.567Z","level":"info","message":"Listar Usuário.","userId":1}
{"date":"2024-02-25T22:48:15.512Z","id":"41","level":"info","message":"Usuário visualizado.","userId":1}
{"date":"2024-02-25T22:48:17.064Z","id":"41","level":"info","message":"Usuário visualizado.","userId":1}
{"date":"2024-02-25T22:50:09.878Z","id":"41","level":"info","message":"Usuário visualizado.","userId":1}
{"date":"2024-02-25T22:50:11.652Z","id":"41","level":"info","message":"Usuário visualizado.","userId":1}
{"date":"2024-02-25T22:50:12.954Z","id":"41","level":"info","message":"Usuário visualizado.","userId":1}
{"date":"2024-02-25T22:50:26.814Z","id":"41","level":"info","message":"Usuário visualizado.","userId":1}
{"date":"2024-02-25T22:50:28.181Z","id":"41","level":"info","message":"Usuário visualizado.","userId":1}
{"date":"2024-02-25T22:50:36.693Z","id":"41","level":"info","message":"Usuário visualizado.","userId":1}
{"date":"2024-02-25T22:50:38.087Z","id":"41","level":"info","message":"Usuário visualizado.","userId":1}
{"date":"2024-02-25T22:51:04.166Z","id":"41","level":"info","message":"Usuário visualizado.","userId":1}
{"date":"2024-02-25T22:51:05.692Z","id":"41","level":"info","message":"Usuário visualizado.","userId":1}
{"date":"2024-02-25T22:51:13.526Z","id":"41","level":"info","message":"Usuário visualizado.","userId":1}
{"date":"2024-02-25T22:51:14.924Z","level":"info","message":"Listar Usuário.","userId":1}
{"date":"2024-02-25T22:51:15.851Z","id":"41","level":"info","message":"Usuário visualizado.","userId":1}
{"date":"2024-02-25T22:51:17.277Z","level":"info","message":"Listar Usuário.","userId":1}
{"date":"2024-02-25T22:51:17.956Z","id":"40","level":"info","message":"Usuário visualizado.","userId":1}
{"date":"2024-02-25T22:51:19.442Z","id":"40","level":"info","message":"Usuário visualizado.","userId":1}
{"date":"2024-02-25T22:53:22.489Z","id":"40","level":"info","message":"Usuário visualizado.","userId":1}
{"date":"2024-02-25T22:53:42.881Z","id":"40","level":"info","message":"Usuário visualizado.","userId":1}
{"date":"2024-02-25T22:53:42.883Z","level":"info","message":"Listar Situação.","userId":1}
{"date":"2024-02-25T22:53:48.147Z","id":"40","level":"info","message":"Usuário visualizado.","userId":1}
{"date":"2024-02-25T22:59:15.575Z","level":"info","message":"Token válido.","userId":1}
{"date":"2024-02-25T22:59:17.405Z","level":"info","message":"Listar Usuário.","userId":1}
{"date":"2024-02-25T22:59:18.353Z","id":"41","level":"info","message":"Usuário visualizado.","userId":1}
{"date":"2024-02-25T22:59:48.901Z","id":"41","level":"info","message":"Usuário visualizado.","userId":1}
{"date":"2024-02-25T23:00:22.829Z","id":"41","level":"info","message":"Usuário visualizado.","userId":1}
{"date":"2024-02-25T23:00:42.501Z","id":"41","level":"info","message":"Usuário visualizado.","userId":1}
{"date":"2024-02-25T23:01:06.311Z","id":"41","level":"info","message":"Usuário visualizado.","userId":1}
{"date":"2024-02-25T23:01:18.120Z","id":"41","level":"info","message":"Usuário visualizado.","userId":1}
{"date":"2024-02-25T23:01:24.454Z","id":"41","level":"info","message":"Usuário visualizado.","userId":1}
{"date":"2024-02-25T23:01:49.706Z","id":"41","level":"info","message":"Usuário visualizado.","userId":1}
{"date":"2024-02-25T23:01:51.429Z","id":"41","level":"info","message":"Usuário visualizado.","userId":1}
{"date":"2024-02-25T23:02:04.081Z","id":"41","level":"info","message":"Usuário visualizado.","userId":1}
{"date":"2024-02-25T23:06:30.558Z","level":"info","message":"Token válido.","userId":1}
{"date":"2024-02-25T23:06:33.074Z","level":"info","message":"Listar Usuário.","userId":1}
{"date":"2024-02-25T23:06:34.240Z","id":"41","level":"info","message":"Usuário visualizado.","userId":1}
{"date":"2024-02-25T23:06:35.742Z","id":"41","level":"info","message":"Usuário visualizado.","userId":1}
{"date":"2024-02-25T23:06:39.603Z","id":"41","level":"info","message":"Usuário visualizado.","userId":1}
{"date":"2024-02-25T23:09:07.277Z","id":"41","level":"info","message":"Usuário visualizado.","userId":1}
{"date":"2024-02-25T23:09:14.551Z","id":"41","level":"info","message":"Usuário visualizado.","userId":1}
{"date":"2024-02-25T23:09:18.287Z","id":"41","level":"info","message":"Usuário visualizado.","userId":1}
{"date":"2024-02-25T23:11:00.664Z","id":"41","level":"info","message":"Usuário visualizado.","userId":1}
{"date":"2024-02-25T23:13:11.682Z","id":"41","level":"info","message":"Usuário visualizado.","userId":1}
{"date":"2024-02-25T23:13:22.631Z","id":"41","level":"info","message":"Usuário visualizado.","userId":1}
{"date":"2024-02-25T23:13:52.281Z","id":"41","level":"info","message":"Usuário visualizado.","userId":1}
{"date":"2024-02-25T23:14:14.974Z","id":"41","level":"info","message":"Usuário visualizado.","userId":1}
{"date":"2024-02-25T23:14:36.888Z","id":"41","level":"info","message":"Usuário visualizado.","userId":1}
{"date":"2024-02-25T23:14:48.773Z","id":"41","level":"info","message":"Usuário visualizado.","userId":1}
{"date":"2024-02-25T23:14:57.668Z","id":"41","level":"info","message":"Usuário visualizado.","userId":1}
{"date":"2024-02-25T23:15:11.403Z","id":"41","level":"info","message":"Usuário visualizado.","userId":1}
{"date":"2024-02-25T23:15:38.453Z","id":"41","level":"info","message":"Usuário visualizado.","userId":1}
{"date":"2024-02-25T23:15:55.880Z","id":"41","level":"info","message":"Usuário visualizado.","userId":1}
{"date":"2024-02-25T23:16:07.181Z","id":"41","level":"info","message":"Usuário visualizado.","userId":1}
{"date":"2024-02-25T23:16:15.022Z","id":"41","level":"info","message":"Usuário visualizado.","userId":1}
{"date":"2024-02-25T23:16:21.462Z","id":"41","level":"info","message":"Usuário visualizado.","userId":1}
{"date":"2024-02-25T23:16:27.520Z","id":"41","level":"info","message":"Usuário visualizado.","userId":1}
{"date":"2024-02-25T23:17:01.515Z","id":"41","level":"info","message":"Usuário visualizado.","userId":1}
{"date":"2024-02-25T23:17:26.033Z","id":"41","level":"info","message":"Usuário visualizado.","userId":1}
{"date":"2024-02-25T23:18:34.264Z","id":"41","level":"info","message":"Usuário visualizado.","userId":1}
{"date":"2024-02-25T23:21:57.334Z","id":"41","level":"info","message":"Usuário visualizado.","userId":1}
{"date":"2024-02-25T23:21:58.903Z","level":"info","message":"Listar Usuário.","userId":1}
{"date":"2024-02-25T23:22:00.105Z","id":"41","level":"info","message":"Usuário visualizado.","userId":1}
{"date":"2024-02-25T23:22:33.204Z","id":"41","level":"info","message":"Usuário visualizado.","userId":1}
{"date":"2024-02-25T23:22:46.216Z","id":"41","level":"info","message":"Usuário visualizado.","userId":1}
{"date":"2024-02-25T23:26:10.542Z","id":"41","level":"info","message":"Usuário visualizado.","userId":1}
{"date":"2024-02-25T23:28:22.753Z","id":"41","level":"info","message":"Usuário visualizado.","userId":1}
{"date":"2024-02-25T23:28:35.004Z","id":"41","level":"info","message":"Usuário visualizado.","userId":1}
{"date":"2024-02-25T23:29:04.172Z","id":"41","level":"info","message":"Usuário visualizado.","userId":1}
{"date":"2024-02-25T23:29:21.647Z","id":"41","level":"info","message":"Usuário visualizado.","userId":1}
{"date":"2024-02-25T23:29:27.516Z","id":"41","level":"info","message":"Usuário visualizado.","userId":1}
{"date":"2024-02-25T23:29:53.785Z","id":"41","level":"info","message":"Usuário visualizado.","userId":1}
{"date":"2024-02-25T23:30:29.416Z","id":"41","level":"info","message":"Usuário visualizado.","userId":1}
{"date":"2024-02-25T23:34:25.979Z","level":"info","message":"Token válido.","userId":1}
{"date":"2024-02-25T23:35:31.456Z","level":"info","message":"Listar Usuário.","userId":1}
{"date":"2024-02-25T23:35:32.421Z","id":"41","level":"info","message":"Usuário visualizado.","userId":1}
{"date":"2024-02-25T23:37:49.919Z","id":"41","level":"info","message":"Usuário visualizado.","userId":1}
{"date":"2024-02-25T23:38:00.152Z","id":"41","level":"info","message":"Usuário visualizado.","userId":1}
{"date":"2024-02-25T23:38:06.812Z","id":"41","level":"info","message":"Usuário visualizado.","userId":1}
{"date":"2024-02-25T23:38:37.387Z","id":"41","level":"info","message":"Usuário visualizado.","userId":1}
{"date":"2024-02-25T23:38:42.067Z","id":"41","level":"info","message":"Usuário visualizado.","userId":1}
{"date":"2024-02-25T23:38:53.553Z","id":"41","level":"info","message":"Usuário visualizado.","userId":1}
{"date":"2024-02-25T23:39:00.856Z","id":"41","level":"info","message":"Usuário visualizado.","userId":1}
{"date":"2024-02-25T23:39:03.346Z","id":"41","level":"info","message":"Usuário visualizado.","userId":1}
{"date":"2024-02-25T23:39:29.947Z","id":"41","level":"info","message":"Usuário visualizado.","userId":1}
{"date":"2024-02-25T23:39:34.236Z","id":"41","level":"info","message":"Usuário visualizado.","userId":1}
{"date":"2024-02-25T23:39:35.788Z","id":"41","level":"info","message":"Usuário visualizado.","userId":1}
{"date":"2024-02-25T23:39:37.104Z","id":"41","level":"info","message":"Usuário visualizado.","userId":1}
{"date":"2024-02-25T23:39:37.105Z","level":"info","message":"Listar Situação.","userId":1}
{"date":"2024-02-25T23:39:42.302Z","id":"41","level":"info","message":"Usuário visualizado.","userId":1}
{"date":"2024-02-25T23:40:10.211Z","id":"41","level":"info","message":"Usuário visualizado.","userId":1}
{"date":"2024-02-25T23:40:17.397Z","id":"41","level":"info","message":"Usuário visualizado.","userId":1}
{"date":"2024-02-25T23:43:53.714Z","id":"41","level":"info","message":"Usuário visualizado.","userId":1}
{"date":"2024-02-25T23:45:37.269Z","id":"41","level":"info","message":"Usuário visualizado.","userId":1}
{"date":"2024-02-25T23:46:28.628Z","id":"41","level":"info","message":"Usuário visualizado.","userId":1}
{"date":"2024-02-25T23:46:55.264Z","id":"41","level":"info","message":"Usuário visualizado.","userId":1}
{"date":"2024-02-25T23:47:02.593Z","id":"41","level":"info","message":"Usuário visualizado.","userId":1}
{"date":"2024-02-25T23:47:31.092Z","id":"41","level":"info","message":"Usuário visualizado.","userId":1}
{"date":"2024-02-25T23:48:14.297Z","id":"41","level":"info","message":"Usuário visualizado.","userId":1}
{"date":"2024-02-25T23:49:11.593Z","id":"41","level":"info","message":"Usuário visualizado.","userId":1}
{"date":"2024-02-25T23:49:29.769Z","id":1,"level":"info","message":"Senha do usuário não editada.","userId":1}
{"date":"2024-02-25T23:49:47.595Z","id":"41","level":"info","message":"Usuário visualizado.","userId":1}
{"date":"2024-02-25T23:50:02.976Z","id":1,"level":"info","message":"Senha do usuário não editada.","userId":1}
{"date":"2024-02-25T23:50:55.931Z","id":"41","level":"info","message":"Usuário visualizado.","userId":1}
{"date":"2024-02-25T23:51:44.607Z","id":"41","level":"info","message":"Usuário visualizado.","userId":1}
{"date":"2024-02-25T23:51:48.684Z","id":1,"level":"info","message":"Senha do usuário não editada.","userId":1}
{"date":"2024-02-25T23:51:57.925Z","level":"info","message":"Token válido.","userId":1}
{"date":"2024-02-25T23:52:01.107Z","level":"info","message":"Listar Usuário.","userId":1}
{"date":"2024-02-25T23:52:02.002Z","id":"41","level":"info","message":"Usuário visualizado.","userId":1}
{"date":"2024-02-25T23:52:03.443Z","id":"41","level":"info","message":"Usuário visualizado.","userId":1}
{"date":"2024-02-25T23:52:14.796Z","id":1,"level":"info","message":"Senha do usuário não editada.","userId":1}
{"date":"2024-02-25T23:54:25.644Z","id":1,"level":"info","message":"Senha do usuário não editada.","userId":1}
{"date":"2024-02-25T23:55:10.638Z","id":"41","level":"info","message":"Usuário visualizado.","userId":1}
{"date":"2024-02-25T23:55:13.357Z","id":"41","level":"info","message":"Usuário visualizado.","userId":1}
{"date":"2024-02-25T23:55:16.027Z","id":"41","level":"info","message":"Usuário visualizado.","userId":1}
{"date":"2024-02-26T00:03:33.590Z","id":"41","level":"info","message":"Usuário visualizado.","userId":1}
{"date":"2024-02-26T00:04:15.898Z","id":"41","level":"info","message":"Usuário visualizado.","userId":1}
{"date":"2024-02-26T00:09:48.382Z","level":"info","message":"Listar Usuário.","userId":1}
{"date":"2024-02-26T00:10:08.848Z","id":"41","level":"info","message":"Usuário visualizado.","userId":1}
{"date":"2024-02-26T00:10:13.087Z","id":"41","level":"info","message":"Usuário visualizado.","userId":1}
{"date":"2024-02-26T00:10:17.353Z","id":1,"level":"info","message":"Senha do usuário não editada.","userId":1}
{"date":"2024-02-26T00:12:17.677Z","id":"41","level":"info","message":"Usuário visualizado.","userId":1}
{"date":"2024-02-26T00:12:25.629Z","id":"41","level":"info","message":"Usuário visualizado.","userId":1}
{"date":"2024-02-26T00:12:27.320Z","id":1,"level":"info","message":"Senha do usuário não editada.","userId":1}
{"date":"2024-02-26T00:12:28.266Z","id":1,"level":"info","message":"Senha do usuário não editada.","userId":1}
{"date":"2024-02-26T00:12:28.746Z","id":1,"level":"info","message":"Senha do usuário não editada.","userId":1}
{"date":"2024-02-26T00:12:30.317Z","id":1,"level":"info","message":"Senha do usuário não editada.","userId":1}
{"date":"2024-02-26T00:12:49.187Z","id":1,"level":"info","message":"Senha do usuário não editada.","userId":1}
{"date":"2024-02-26T00:14:08.377Z","id":"41","level":"info","message":"Usuário visualizado.","userId":1}
{"date":"2024-02-26T00:14:09.952Z","id":1,"level":"info","message":"Senha do usuário não editada.","userId":1}
{"date":"2024-02-26T00:14:15.085Z","id":"41","level":"info","message":"Usuário visualizado.","userId":1}
{"date":"2024-02-26T00:14:21.904Z","id":"41","level":"info","message":"Usuário visualizado.","userId":1}
{"date":"2024-02-26T00:14:31.198Z","id":1,"level":"info","message":"Senha do usuário não editada.","userId":1}
{"date":"2024-02-26T00:14:32.201Z","id":1,"level":"info","message":"Senha do usuário não editada.","userId":1}
{"date":"2024-02-26T00:14:32.875Z","id":1,"level":"info","message":"Senha do usuário não editada.","userId":1}
{"date":"2024-02-26T00:14:33.123Z","id":1,"level":"info","message":"Senha do usuário não editada.","userId":1}
{"date":"2024-02-26T00:14:33.312Z","id":1,"level":"info","message":"Senha do usuário não editada.","userId":1}
{"date":"2024-02-26T00:14:33.887Z","id":1,"level":"info","message":"Senha do usuário não editada.","userId":1}
{"date":"2024-02-26T00:18:31.687Z","id":41,"level":"info","message":"Senha do usuário editada com sucesso.","userId":1}
{"date":"2024-02-26T00:18:31.749Z","id":"41","level":"info","message":"Usuário visualizado.","userId":1}
{"date":"2024-02-26T00:19:06.076Z","level":"info","message":"Listar Usuário.","userId":40}
{"date":"2024-02-26T00:19:07.433Z","id":"41","level":"info","message":"Usuário visualizado.","userId":40}
{"date":"2024-02-26T00:19:14.024Z","id":"41","level":"info","message":"Usuário visualizado.","userId":40}
{"date":"2024-02-26T00:19:19.672Z","id":41,"level":"info","message":"Senha do usuário editada com sucesso.","userId":40}
{"date":"2024-02-26T00:19:19.719Z","id":"41","level":"info","message":"Usuário visualizado.","userId":40}
{"date":"2024-02-26T00:19:22.752Z","level":"info","message":"Listar Usuário.","userId":40}
{"date":"2024-02-26T00:19:38.098Z","email":"paulo42@email.com","level":"warn","message":"Tentativa de login com senha incorreta."}
{"date":"2024-02-26T00:19:45.335Z","level":"info","message":"Listar Usuário.","userId":41}
{"date":"2024-02-26T00:19:46.729Z","id":"41","level":"info","message":"Usuário visualizado.","userId":41}
{"date":"2024-02-26T00:19:48.101Z","id":"41","level":"info","message":"Usuário visualizado.","userId":41}
{"date":"2024-02-26T00:19:51.274Z","id":41,"level":"info","message":"Senha do usuário editada com sucesso.","userId":41}
{"date":"2024-02-26T00:19:51.323Z","id":"41","level":"info","message":"Usuário visualizado.","userId":41}
